<?xml version="1.0" encoding="UTF-8"?>
<testsuite name="com.example.Shop.ShopApplicationTests" tests="1" skipped="0" failures="0" errors="0" timestamp="2024-01-22T12:17:46" hostname="LAPTOP-S6TIT4JU" time="1.759">
  <properties/>
  <testcase name="contextLoads()" classname="com.example.Shop.ShopApplicationTests" time="1.759"/>
  <system-out><![CDATA[13:17:42.051 [Test worker] INFO org.springframework.test.context.support.AnnotationConfigContextLoaderUtils -- Could not detect default configuration classes for test class [com.example.Shop.ShopApplicationTests]: ShopApplicationTests does not declare any static, non-private, non-final, nested classes annotated with @Configuration.
13:17:42.264 [Test worker] INFO org.springframework.boot.test.context.SpringBootTestContextBootstrapper -- Found @SpringBootConfiguration com.example.Shop.ShopApplication for test class com.example.Shop.ShopApplicationTests

  .   ____          _            __ _ _
 /\\ / ___'_ __ _ _(_)_ __  __ _ \ \ \ \
( ( )\___ | '_ | '_| | '_ \/ _` | \ \ \ \
 \\/  ___)| |_)| | | | | || (_| |  ) ) ) )
  '  |____| .__|_| |_|_| |_\__, | / / / /
 =========|_|==============|___/=/_/_/_/
 :: Spring Boot ::                (v3.2.2)

2024-01-22T13:17:43.132+01:00  INFO 35308 --- [    Test worker] com.example.Shop.ShopApplicationTests    : Starting ShopApplicationTests using Java 19.0.2 with PID 35308 (started by Henri Koch in C:\Users\Henri Koch\Documents\GitHub\M320-Shop\Shop)
2024-01-22T13:17:43.136+01:00  INFO 35308 --- [    Test worker] com.example.Shop.ShopApplicationTests    : No active profile set, falling back to 1 default profile: "default"
2024-01-22T13:17:46.072+01:00  INFO 35308 --- [    Test worker] com.example.Shop.ShopApplicationTests    : Started ShopApplicationTests in 3.415 seconds (process running for 6.211)
]]></system-out>
  <system-err><![CDATA[]]></system-err>
</testsuite>
